celery beat v5.0.5 (singularity) is starting.
__    -    ... __   -        _
LocalTime -> 2021-06-08 11:17:16
Configuration ->
    . broker -> amqp://guest:**@localhost:5672//
    . loader -> celery.loaders.app.AppLoader
    . scheduler -> celery.beat.PersistentScheduler
    . db -> celerybeat-schedule
    . logfile -> [stderr]@%INFO
    . maxinterval -> 5.00 minutes (300s)
celery beat v5.0.5 (singularity) is starting.
celery beat v5.0.5 (singularity) is starting.
celery beat v5.0.5 (singularity) is starting.
celery beat v5.0.5 (singularity) is starting.
celery beat v5.0.5 (singularity) is starting.
__    -    ... __   -        _
LocalTime -> 2021-06-08 11:26:14
Configuration ->
    . broker -> redis://127.0.0.1:6379//
    . loader -> celery.loaders.app.AppLoader
    . scheduler -> celery.beat.PersistentScheduler
    . db -> celerybeat-schedule
    . logfile -> [stderr]@%INFO
    . maxinterval -> 5.00 minutes (300s)
celery beat v5.0.5 (singularity) is starting.
__    -    ... __   -        _
LocalTime -> 2021-06-08 11:36:49
Configuration ->
    . broker -> redis://127.0.0.1:6379//
    . loader -> celery.loaders.app.AppLoader
    . scheduler -> celery.beat.PersistentScheduler
    . db -> celerybeat-schedule
    . logfile -> [stderr]@%INFO
    . maxinterval -> 5.00 minutes (300s)
celery beat v5.0.5 (singularity) is starting.
__    -    ... __   -        _
LocalTime -> 2021-06-08 11:46:44
Configuration ->
    . broker -> redis://127.0.0.1:6379//
    . loader -> celery.loaders.app.AppLoader
    . scheduler -> django_celery_beat.schedulers.DatabaseScheduler

    . logfile -> [stderr]@%INFO
    . maxinterval -> 5.00 seconds (5s)
celery beat v5.0.5 (singularity) is starting.
__    -    ... __   -        _
LocalTime -> 2021-06-08 13:40:48
Configuration ->
    . broker -> redis://127.0.0.1:6379//
    . loader -> celery.loaders.app.AppLoader
    . scheduler -> django_celery_beat.schedulers.DatabaseScheduler

    . logfile -> [stderr]@%INFO
    . maxinterval -> 5.00 seconds (5s)
celery beat v5.0.5 (singularity) is starting.
__    -    ... __   -        _
LocalTime -> 2021-06-08 13:52:49
Configuration ->
    . broker -> redis://127.0.0.1:6379//
    . loader -> celery.loaders.app.AppLoader
    . scheduler -> django_celery_beat.schedulers.DatabaseScheduler

    . logfile -> [stderr]@%INFO
    . maxinterval -> 5.00 seconds (5s)
celery beat v5.0.5 (singularity) is starting.
__    -    ... __   -        _
LocalTime -> 2021-06-08 14:09:37
Configuration ->
    . broker -> redis://127.0.0.1:6379//
    . loader -> celery.loaders.app.AppLoader
    . scheduler -> django_celery_beat.schedulers.DatabaseScheduler

    . logfile -> [stderr]@%INFO
    . maxinterval -> 5.00 seconds (5s)
celery beat v5.0.5 (singularity) is starting.
__    -    ... __   -        _
LocalTime -> 2021-06-08 14:14:44
Configuration ->
    . broker -> redis://127.0.0.1:6379//
    . loader -> celery.loaders.app.AppLoader
    . scheduler -> django_celery_beat.schedulers.DatabaseScheduler

    . logfile -> [stderr]@%INFO
    . maxinterval -> 5.00 seconds (5s)
celery beat v5.0.5 (singularity) is starting.
__    -    ... __   -        _
LocalTime -> 2021-06-09 05:04:06
Configuration ->
    . broker -> redis://127.0.0.1:6379//
    . loader -> celery.loaders.app.AppLoader
    . scheduler -> django_celery_beat.schedulers.DatabaseScheduler

    . logfile -> [stderr]@%INFO
    . maxinterval -> 5.00 seconds (5s)
celery beat v5.0.5 (singularity) is starting.
celery beat v5.0.5 (singularity) is starting.
celery beat v5.0.5 (singularity) is starting.
celery beat v5.0.5 (singularity) is starting.
celery beat v5.0.5 (singularity) is starting.
__    -    ... __   -        _
LocalTime -> 2021-06-09 05:32:21
Configuration ->
    . broker -> redis://127.0.0.1:6379//
    . loader -> celery.loaders.app.AppLoader
    . scheduler -> django_celery_beat.schedulers.DatabaseScheduler

    . logfile -> [stderr]@%INFO
    . maxinterval -> 5.00 seconds (5s)
celery beat v5.0.5 (singularity) is starting.
__    -    ... __   -        _
LocalTime -> 2021-06-09 08:51:15
Configuration ->
    . broker -> redis://127.0.0.1:6379//
    . loader -> celery.loaders.app.AppLoader
    . scheduler -> django_celery_beat.schedulers.DatabaseScheduler

    . logfile -> [stderr]@%INFO
    . maxinterval -> 5.00 seconds (5s)
celery beat v5.0.5 (singularity) is starting.
__    -    ... __   -        _
LocalTime -> 2021-06-09 08:53:49
Configuration ->
    . broker -> redis://127.0.0.1:6379//
    . loader -> celery.loaders.app.AppLoader
    . scheduler -> django_celery_beat.schedulers.DatabaseScheduler

    . logfile -> [stderr]@%INFO
    . maxinterval -> 5.00 seconds (5s)
celery beat v5.0.5 (singularity) is starting.
__    -    ... __   -        _
LocalTime -> 2021-06-09 09:00:48
Configuration ->
    . broker -> redis://127.0.0.1:6379//
    . loader -> celery.loaders.app.AppLoader
    . scheduler -> django_celery_beat.schedulers.DatabaseScheduler

    . logfile -> [stderr]@%INFO
    . maxinterval -> 5.00 seconds (5s)
celery beat v5.0.5 (singularity) is starting.
__    -    ... __   -        _
LocalTime -> 2021-06-09 09:47:22
Configuration ->
    . broker -> redis://127.0.0.1:6379//
    . loader -> celery.loaders.app.AppLoader
    . scheduler -> django_celery_beat.schedulers.DatabaseScheduler

    . logfile -> [stderr]@%INFO
    . maxinterval -> 5.00 seconds (5s)
celery beat v5.0.5 (singularity) is starting.
__    -    ... __   -        _
LocalTime -> 2021-06-09 09:52:26
Configuration ->
    . broker -> redis://127.0.0.1:6379//
    . loader -> celery.loaders.app.AppLoader
    . scheduler -> django_celery_beat.schedulers.DatabaseScheduler

    . logfile -> [stderr]@%INFO
    . maxinterval -> 5.00 seconds (5s)
celery beat v5.0.5 (singularity) is starting.
__    -    ... __   -        _
LocalTime -> 2021-06-09 09:54:15
Configuration ->
    . broker -> redis://127.0.0.1:6379//
    . loader -> celery.loaders.app.AppLoader
    . scheduler -> django_celery_beat.schedulers.DatabaseScheduler

    . logfile -> [stderr]@%INFO
    . maxinterval -> 5.00 seconds (5s)
celery beat v5.0.5 (singularity) is starting.
__    -    ... __   -        _
LocalTime -> 2021-06-09 09:56:25
Configuration ->
    . broker -> redis://127.0.0.1:6379//
    . loader -> celery.loaders.app.AppLoader
    . scheduler -> django_celery_beat.schedulers.DatabaseScheduler

    . logfile -> [stderr]@%INFO
    . maxinterval -> 5.00 seconds (5s)
celery beat v5.0.5 (singularity) is starting.
__    -    ... __   -        _
LocalTime -> 2021-06-09 10:06:06
Configuration ->
    . broker -> redis://127.0.0.1:6379//
    . loader -> celery.loaders.app.AppLoader
    . scheduler -> django_celery_beat.schedulers.DatabaseScheduler

    . logfile -> [stderr]@%INFO
    . maxinterval -> 5.00 seconds (5s)
celery beat v5.0.5 (singularity) is starting.
__    -    ... __   -        _
LocalTime -> 2021-06-09 10:36:40
Configuration ->
    . broker -> redis://127.0.0.1:6379//
    . loader -> celery.loaders.app.AppLoader
    . scheduler -> django_celery_beat.schedulers.DatabaseScheduler

    . logfile -> [stderr]@%INFO
    . maxinterval -> 5.00 seconds (5s)
celery beat v5.0.5 (singularity) is starting.
__    -    ... __   -        _
LocalTime -> 2021-06-09 10:39:17
Configuration ->
    . broker -> redis://127.0.0.1:6379//
    . loader -> celery.loaders.app.AppLoader
    . scheduler -> django_celery_beat.schedulers.DatabaseScheduler

    . logfile -> [stderr]@%INFO
    . maxinterval -> 5.00 seconds (5s)
celery beat v5.0.5 (singularity) is starting.
__    -    ... __   -        _
LocalTime -> 2021-06-09 12:53:24
Configuration ->
    . broker -> redis://127.0.0.1:6379//
    . loader -> celery.loaders.app.AppLoader
    . scheduler -> django_celery_beat.schedulers.DatabaseScheduler

    . logfile -> [stderr]@%INFO
    . maxinterval -> 5.00 seconds (5s)
celery beat v5.0.5 (singularity) is starting.
__    -    ... __   -        _
LocalTime -> 2021-06-09 12:55:04
Configuration ->
    . broker -> redis://127.0.0.1:6379//
    . loader -> celery.loaders.app.AppLoader
    . scheduler -> django_celery_beat.schedulers.DatabaseScheduler

    . logfile -> [stderr]@%INFO
    . maxinterval -> 5.00 seconds (5s)
celery beat v5.0.5 (singularity) is starting.
__    -    ... __   -        _
LocalTime -> 2021-06-09 13:28:13
Configuration ->
    . broker -> redis://127.0.0.1:6379//
    . loader -> celery.loaders.app.AppLoader
    . scheduler -> django_celery_beat.schedulers.DatabaseScheduler

    . logfile -> [stderr]@%INFO
    . maxinterval -> 5.00 seconds (5s)
celery beat v5.0.5 (singularity) is starting.
__    -    ... __   -        _
LocalTime -> 2021-06-09 13:29:33
Configuration ->
    . broker -> redis://127.0.0.1:6379//
    . loader -> celery.loaders.app.AppLoader
    . scheduler -> django_celery_beat.schedulers.DatabaseScheduler

    . logfile -> [stderr]@%INFO
    . maxinterval -> 5.00 seconds (5s)
celery beat v5.0.5 (singularity) is starting.
__    -    ... __   -        _
LocalTime -> 2021-06-09 13:36:07
Configuration ->
    . broker -> redis://127.0.0.1:6379//
    . loader -> celery.loaders.app.AppLoader
    . scheduler -> django_celery_beat.schedulers.DatabaseScheduler

    . logfile -> [stderr]@%INFO
    . maxinterval -> 5.00 seconds (5s)
celery beat v5.0.5 (singularity) is starting.
__    -    ... __   -        _
LocalTime -> 2021-06-09 13:59:37
Configuration ->
    . broker -> redis://127.0.0.1:6379//
    . loader -> celery.loaders.app.AppLoader
    . scheduler -> django_celery_beat.schedulers.DatabaseScheduler

    . logfile -> [stderr]@%INFO
    . maxinterval -> 5.00 seconds (5s)
celery beat v5.0.5 (singularity) is starting.
__    -    ... __   -        _
LocalTime -> 2021-06-10 05:07:16
Configuration ->
    . broker -> redis://127.0.0.1:6379//
    . loader -> celery.loaders.app.AppLoader
    . scheduler -> django_celery_beat.schedulers.DatabaseScheduler

    . logfile -> [stderr]@%INFO
    . maxinterval -> 5.00 seconds (5s)
celery beat v5.0.5 (singularity) is starting.
__    -    ... __   -        _
LocalTime -> 2021-06-10 05:11:34
Configuration ->
    . broker -> redis://127.0.0.1:6379//
    . loader -> celery.loaders.app.AppLoader
    . scheduler -> django_celery_beat.schedulers.DatabaseScheduler

    . logfile -> [stderr]@%INFO
    . maxinterval -> 5.00 seconds (5s)
celery beat v5.0.5 (singularity) is starting.
__    -    ... __   -        _
LocalTime -> 2021-06-10 05:12:04
Configuration ->
    . broker -> redis://127.0.0.1:6379//
    . loader -> celery.loaders.app.AppLoader
    . scheduler -> django_celery_beat.schedulers.DatabaseScheduler

    . logfile -> [stderr]@%INFO
    . maxinterval -> 5.00 seconds (5s)
celery beat v5.0.5 (singularity) is starting.
__    -    ... __   -        _
LocalTime -> 2021-06-10 06:10:44
Configuration ->
    . broker -> redis://127.0.0.1:6379//
    . loader -> celery.loaders.app.AppLoader
    . scheduler -> django_celery_beat.schedulers.DatabaseScheduler

    . logfile -> [stderr]@%INFO
    . maxinterval -> 5.00 seconds (5s)
celery beat v5.0.5 (singularity) is starting.
__    -    ... __   -        _
LocalTime -> 2021-06-10 09:33:48
Configuration ->
    . broker -> redis://127.0.0.1:6379//
    . loader -> celery.loaders.app.AppLoader
    . scheduler -> django_celery_beat.schedulers.DatabaseScheduler

    . logfile -> [stderr]@%INFO
    . maxinterval -> 5.00 seconds (5s)
celery beat v5.0.5 (singularity) is starting.
__    -    ... __   -        _
LocalTime -> 2021-06-10 09:57:44
Configuration ->
    . broker -> redis://127.0.0.1:6379//
    . loader -> celery.loaders.app.AppLoader
    . scheduler -> django_celery_beat.schedulers.DatabaseScheduler

    . logfile -> [stderr]@%INFO
    . maxinterval -> 5.00 seconds (5s)
celery beat v5.0.5 (singularity) is starting.
__    -    ... __   -        _
LocalTime -> 2021-06-10 10:31:13
Configuration ->
    . broker -> redis://127.0.0.1:6379//
    . loader -> celery.loaders.app.AppLoader
    . scheduler -> django_celery_beat.schedulers.DatabaseScheduler

    . logfile -> [stderr]@%INFO
    . maxinterval -> 5.00 seconds (5s)
celery beat v5.0.5 (singularity) is starting.
__    -    ... __   -        _
LocalTime -> 2021-06-10 10:33:20
Configuration ->
    . broker -> redis://127.0.0.1:6379//
    . loader -> celery.loaders.app.AppLoader
    . scheduler -> django_celery_beat.schedulers.DatabaseScheduler

    . logfile -> [stderr]@%INFO
    . maxinterval -> 5.00 seconds (5s)
celery beat v5.0.5 (singularity) is starting.
__    -    ... __   -        _
LocalTime -> 2021-06-10 11:01:13
Configuration ->
    . broker -> redis://127.0.0.1:6379//
    . loader -> celery.loaders.app.AppLoader
    . scheduler -> django_celery_beat.schedulers.DatabaseScheduler

    . logfile -> [stderr]@%INFO
    . maxinterval -> 5.00 seconds (5s)
