 
 -------------- celery@user v5.0.5 (singularity)
--- ***** ----- 
-- ******* ---- Linux-5.4.0-65-generic-x86_64-with-glibc2.29 2021-06-08 11:12:45
- *** --- * --- 
- ** ---------- [config]
- ** ---------- .> app:         AutoApp:0x7f2bf6adf370
- ** ---------- .> transport:   amqp://guest:**@localhost:5672//
- ** ---------- .> results:     rpc://
- *** --- * --- .> concurrency: 2 (prefork)
-- ******* ---- .> task events: OFF (enable -E to monitor tasks in this worker)
--- ***** ----- 
 -------------- [queues]
                .> celery           exchange=celery(direct) key=celery
                

[tasks]
  . Auth.tasks.add
  . Auth.tasks.mul
  . Auth.tasks.payme_periodic
  . Auth.tasks.pro_minus_one
  . Auth.tasks.xsum
  . AutoApp.celery.debug_task

 
 -------------- celery@user v5.0.5 (singularity)
--- ***** ----- 
-- ******* ---- Linux-5.4.0-65-generic-x86_64-with-glibc2.29 2021-06-08 11:24:52
- *** --- * --- 
- ** ---------- [config]
- ** ---------- .> app:         AutoApp:0x7f499ce35400
- ** ---------- .> transport:   redis://127.0.0.1:6379//
- ** ---------- .> results:     redis://127.0.0.1:6379/
- *** --- * --- .> concurrency: 2 (prefork)
-- ******* ---- .> task events: OFF (enable -E to monitor tasks in this worker)
--- ***** ----- 
 -------------- [queues]
                .> celery           exchange=celery(direct) key=celery
                

[tasks]
  . Auth.tasks.add
  . Auth.tasks.mul
  . Auth.tasks.payme_periodic
  . Auth.tasks.pro_minus_one
  . Auth.tasks.xsum
  . AutoApp.celery.debug_task

 
 -------------- celery@user v5.0.5 (singularity)
--- ***** ----- 
-- ******* ---- Linux-5.4.0-65-generic-x86_64-with-glibc2.29 2021-06-08 13:40:48
- *** --- * --- 
- ** ---------- [config]
- ** ---------- .> app:         AutoApp:0x7f61bc322e50
- ** ---------- .> transport:   redis://127.0.0.1:6379//
- ** ---------- .> results:     redis://127.0.0.1:6379/
- *** --- * --- .> concurrency: 2 (prefork)
-- ******* ---- .> task events: OFF (enable -E to monitor tasks in this worker)
--- ***** ----- 
 -------------- [queues]
                .> celery           exchange=celery(direct) key=celery
                

[tasks]
  . Auth.tasks.add
  . Auth.tasks.mul
  . Auth.tasks.payme_periodic
  . Auth.tasks.pro_minus_one
  . Auth.tasks.xsum
  . AutoApp.celery.debug_task

 
 -------------- celery@user v5.0.5 (singularity)
--- ***** ----- 
-- ******* ---- Linux-5.4.0-65-generic-x86_64-with-glibc2.29 2021-06-08 13:52:49
- *** --- * --- 
- ** ---------- [config]
- ** ---------- .> app:         AutoApp:0x7f2346848e50
- ** ---------- .> transport:   redis://127.0.0.1:6379//
- ** ---------- .> results:     redis://127.0.0.1:6379/
- *** --- * --- .> concurrency: 2 (prefork)
-- ******* ---- .> task events: OFF (enable -E to monitor tasks in this worker)
--- ***** ----- 
 -------------- [queues]
                .> celery           exchange=celery(direct) key=celery
                

[tasks]
  . Auth.tasks.add
  . Auth.tasks.mul
  . Auth.tasks.payme_periodic
  . Auth.tasks.pro_minus_one
  . Auth.tasks.xsum
  . AutoApp.celery.debug_task

 
 -------------- celery@user v5.0.5 (singularity)
--- ***** ----- 
-- ******* ---- Linux-5.4.0-65-generic-x86_64-with-glibc2.29 2021-06-08 14:09:37
- *** --- * --- 
- ** ---------- [config]
- ** ---------- .> app:         AutoApp:0x7fedc2007e50
- ** ---------- .> transport:   redis://127.0.0.1:6379//
- ** ---------- .> results:     redis://127.0.0.1:6379/
- *** --- * --- .> concurrency: 2 (prefork)
-- ******* ---- .> task events: OFF (enable -E to monitor tasks in this worker)
--- ***** ----- 
 -------------- [queues]
                .> celery           exchange=celery(direct) key=celery
                

[tasks]
  . Auth.tasks.add
  . Auth.tasks.mul
  . Auth.tasks.payme_periodic
  . Auth.tasks.pro_minus_one
  . Auth.tasks.xsum
  . AutoApp.celery.debug_task

 
 -------------- celery@user v5.0.5 (singularity)
--- ***** ----- 
-- ******* ---- Linux-5.4.0-65-generic-x86_64-with-glibc2.29 2021-06-08 14:14:44
- *** --- * --- 
- ** ---------- [config]
- ** ---------- .> app:         AutoApp:0x7fbb99364e50
- ** ---------- .> transport:   redis://127.0.0.1:6379//
- ** ---------- .> results:     redis://127.0.0.1:6379/
- *** --- * --- .> concurrency: 2 (prefork)
-- ******* ---- .> task events: OFF (enable -E to monitor tasks in this worker)
--- ***** ----- 
 -------------- [queues]
                .> celery           exchange=celery(direct) key=celery
                

[tasks]
  . Auth.tasks.add
  . Auth.tasks.mul
  . Auth.tasks.payme_periodic
  . Auth.tasks.pro_minus_one
  . Auth.tasks.xsum
  . AutoApp.celery.debug_task

 
 -------------- celery@user v5.0.5 (singularity)
--- ***** ----- 
-- ******* ---- Linux-5.4.0-65-generic-x86_64-with-glibc2.29 2021-06-09 05:04:06
- *** --- * --- 
- ** ---------- [config]
- ** ---------- .> app:         AutoApp:0x7f2c736efe50
- ** ---------- .> transport:   redis://127.0.0.1:6379//
- ** ---------- .> results:     redis://127.0.0.1:6379/
- *** --- * --- .> concurrency: 2 (prefork)
-- ******* ---- .> task events: OFF (enable -E to monitor tasks in this worker)
--- ***** ----- 
 -------------- [queues]
                .> celery           exchange=celery(direct) key=celery
                

[tasks]
  . Auth.tasks.add
  . Auth.tasks.mul
  . Auth.tasks.payme_periodic
  . Auth.tasks.pro_minus_one
  . Auth.tasks.xsum
  . AutoApp.celery.debug_task

 
 -------------- celery@user v5.0.5 (singularity)
--- ***** ----- 
-- ******* ---- Linux-5.4.0-65-generic-x86_64-with-glibc2.29 2021-06-09 05:32:21
- *** --- * --- 
- ** ---------- [config]
- ** ---------- .> app:         AutoApp:0x7f1b5faeee50
- ** ---------- .> transport:   redis://127.0.0.1:6379//
- ** ---------- .> results:     redis://127.0.0.1:6379/
- *** --- * --- .> concurrency: 2 (prefork)
-- ******* ---- .> task events: OFF (enable -E to monitor tasks in this worker)
--- ***** ----- 
 -------------- [queues]
                .> celery           exchange=celery(direct) key=celery
                

[tasks]
  . Auth.tasks.add
  . Auth.tasks.mul
  . Auth.tasks.payme_periodic
  . Auth.tasks.pro_minus_one
  . Auth.tasks.xsum
  . AutoApp.celery.debug_task

 
 -------------- celery@user v5.0.5 (singularity)
--- ***** ----- 
-- ******* ---- Linux-5.4.0-65-generic-x86_64-with-glibc2.29 2021-06-09 08:51:16
- *** --- * --- 
- ** ---------- [config]
- ** ---------- .> app:         AutoApp:0x7f38da9dae50
- ** ---------- .> transport:   redis://127.0.0.1:6379//
- ** ---------- .> results:     redis://127.0.0.1:6379/
- *** --- * --- .> concurrency: 2 (prefork)
-- ******* ---- .> task events: OFF (enable -E to monitor tasks in this worker)
--- ***** ----- 
 -------------- [queues]
                .> celery           exchange=celery(direct) key=celery
                

[tasks]
  . Auth.tasks.add
  . Auth.tasks.mul
  . Auth.tasks.payme_periodic
  . Auth.tasks.pro_minus_one
  . Auth.tasks.xsum
  . AutoApp.celery.debug_task

 
 -------------- celery@user v5.0.5 (singularity)
--- ***** ----- 
-- ******* ---- Linux-5.4.0-65-generic-x86_64-with-glibc2.29 2021-06-09 08:53:49
- *** --- * --- 
- ** ---------- [config]
- ** ---------- .> app:         AutoApp:0x7f8d46107e50
- ** ---------- .> transport:   redis://127.0.0.1:6379//
- ** ---------- .> results:     redis://127.0.0.1:6379/
- *** --- * --- .> concurrency: 2 (prefork)
-- ******* ---- .> task events: OFF (enable -E to monitor tasks in this worker)
--- ***** ----- 
 -------------- [queues]
                .> celery           exchange=celery(direct) key=celery
                

[tasks]
  . Auth.tasks.add
  . Auth.tasks.mul
  . Auth.tasks.payme_periodic
  . Auth.tasks.pro_minus_one
  . Auth.tasks.xsum
  . AutoApp.celery.debug_task

 
 -------------- celery@user v5.0.5 (singularity)
--- ***** ----- 
-- ******* ---- Linux-5.4.0-65-generic-x86_64-with-glibc2.29 2021-06-09 09:00:48
- *** --- * --- 
- ** ---------- [config]
- ** ---------- .> app:         AutoApp:0x7fc4fbfc1e50
- ** ---------- .> transport:   redis://127.0.0.1:6379//
- ** ---------- .> results:     redis://127.0.0.1:6379/
- *** --- * --- .> concurrency: 2 (prefork)
-- ******* ---- .> task events: OFF (enable -E to monitor tasks in this worker)
--- ***** ----- 
 -------------- [queues]
                .> celery           exchange=celery(direct) key=celery
                

[tasks]
  . Auth.tasks.add
  . Auth.tasks.mul
  . Auth.tasks.payme_periodic
  . Auth.tasks.pro_minus_one
  . Auth.tasks.xsum
  . AutoApp.celery.debug_task

 
 -------------- celery@user v5.0.5 (singularity)
--- ***** ----- 
-- ******* ---- Linux-5.4.0-65-generic-x86_64-with-glibc2.29 2021-06-09 09:47:22
- *** --- * --- 
- ** ---------- [config]
- ** ---------- .> app:         AutoApp:0x7f9311cdce50
- ** ---------- .> transport:   redis://127.0.0.1:6379//
- ** ---------- .> results:     redis://127.0.0.1:6379/
- *** --- * --- .> concurrency: 2 (prefork)
-- ******* ---- .> task events: OFF (enable -E to monitor tasks in this worker)
--- ***** ----- 
 -------------- [queues]
                .> celery           exchange=celery(direct) key=celery
                

[tasks]
  . Auth.tasks.add
  . Auth.tasks.mul
  . Auth.tasks.payme_periodic
  . Auth.tasks.pro_minus_one
  . Auth.tasks.xsum
  . AutoApp.celery.debug_task

 
 -------------- celery@user v5.0.5 (singularity)
--- ***** ----- 
-- ******* ---- Linux-5.4.0-65-generic-x86_64-with-glibc2.29 2021-06-09 09:52:26
- *** --- * --- 
- ** ---------- [config]
- ** ---------- .> app:         AutoApp:0x7fdb44cbce50
- ** ---------- .> transport:   redis://127.0.0.1:6379//
- ** ---------- .> results:     redis://127.0.0.1:6379/
- *** --- * --- .> concurrency: 2 (prefork)
-- ******* ---- .> task events: OFF (enable -E to monitor tasks in this worker)
--- ***** ----- 
 -------------- [queues]
                .> celery           exchange=celery(direct) key=celery
                

[tasks]
  . Auth.tasks.add
  . Auth.tasks.mul
  . Auth.tasks.payme_periodic
  . Auth.tasks.pro_minus_one
  . Auth.tasks.xsum
  . AutoApp.celery.debug_task

 
 -------------- celery@user v5.0.5 (singularity)
--- ***** ----- 
-- ******* ---- Linux-5.4.0-65-generic-x86_64-with-glibc2.29 2021-06-09 09:54:15
- *** --- * --- 
- ** ---------- [config]
- ** ---------- .> app:         AutoApp:0x7fe5efb4ee50
- ** ---------- .> transport:   redis://127.0.0.1:6379//
- ** ---------- .> results:     redis://127.0.0.1:6379/
- *** --- * --- .> concurrency: 2 (prefork)
-- ******* ---- .> task events: OFF (enable -E to monitor tasks in this worker)
--- ***** ----- 
 -------------- [queues]
                .> celery           exchange=celery(direct) key=celery
                

[tasks]
  . Auth.tasks.add
  . Auth.tasks.mul
  . Auth.tasks.payme_periodic
  . Auth.tasks.pro_minus_one
  . Auth.tasks.xsum
  . AutoApp.celery.debug_task

 
 -------------- celery@user v5.0.5 (singularity)
--- ***** ----- 
-- ******* ---- Linux-5.4.0-65-generic-x86_64-with-glibc2.29 2021-06-09 09:56:25
- *** --- * --- 
- ** ---------- [config]
- ** ---------- .> app:         AutoApp:0x7f66148d3e50
- ** ---------- .> transport:   redis://127.0.0.1:6379//
- ** ---------- .> results:     redis://127.0.0.1:6379/
- *** --- * --- .> concurrency: 2 (prefork)
-- ******* ---- .> task events: OFF (enable -E to monitor tasks in this worker)
--- ***** ----- 
 -------------- [queues]
                .> celery           exchange=celery(direct) key=celery
                

[tasks]
  . Auth.tasks.add
  . Auth.tasks.mul
  . Auth.tasks.payme_periodic
  . Auth.tasks.pro_minus_one
  . Auth.tasks.xsum
  . AutoApp.celery.debug_task

 
 -------------- celery@user v5.0.5 (singularity)
--- ***** ----- 
-- ******* ---- Linux-5.4.0-65-generic-x86_64-with-glibc2.29 2021-06-09 10:06:06
- *** --- * --- 
- ** ---------- [config]
- ** ---------- .> app:         AutoApp:0x7fc871f46e50
- ** ---------- .> transport:   redis://127.0.0.1:6379//
- ** ---------- .> results:     redis://127.0.0.1:6379/
- *** --- * --- .> concurrency: 2 (prefork)
-- ******* ---- .> task events: OFF (enable -E to monitor tasks in this worker)
--- ***** ----- 
 -------------- [queues]
                .> celery           exchange=celery(direct) key=celery
                

[tasks]
  . Auth.tasks.add
  . Auth.tasks.mul
  . Auth.tasks.payme_periodic
  . Auth.tasks.pro_minus_one
  . Auth.tasks.xsum
  . AutoApp.celery.debug_task

 
 -------------- celery@user v5.0.5 (singularity)
--- ***** ----- 
-- ******* ---- Linux-5.4.0-65-generic-x86_64-with-glibc2.29 2021-06-09 10:36:40
- *** --- * --- 
- ** ---------- [config]
- ** ---------- .> app:         AutoApp:0x7f9fc08a4e50
- ** ---------- .> transport:   redis://127.0.0.1:6379//
- ** ---------- .> results:     redis://127.0.0.1:6379/
- *** --- * --- .> concurrency: 2 (prefork)
-- ******* ---- .> task events: OFF (enable -E to monitor tasks in this worker)
--- ***** ----- 
 -------------- [queues]
                .> celery           exchange=celery(direct) key=celery
                

[tasks]
  . Auth.tasks.add
  . Auth.tasks.mul
  . Auth.tasks.payme_periodic
  . Auth.tasks.pro_minus_one
  . Auth.tasks.xsum
  . AutoApp.celery.debug_task

 
 -------------- celery@user v5.0.5 (singularity)
--- ***** ----- 
-- ******* ---- Linux-5.4.0-65-generic-x86_64-with-glibc2.29 2021-06-09 10:39:17
- *** --- * --- 
- ** ---------- [config]
- ** ---------- .> app:         AutoApp:0x7f5d16f9ae50
- ** ---------- .> transport:   redis://127.0.0.1:6379//
- ** ---------- .> results:     redis://127.0.0.1:6379/
- *** --- * --- .> concurrency: 2 (prefork)
-- ******* ---- .> task events: OFF (enable -E to monitor tasks in this worker)
--- ***** ----- 
 -------------- [queues]
                .> celery           exchange=celery(direct) key=celery
                

[tasks]
  . Auth.tasks.add
  . Auth.tasks.mul
  . Auth.tasks.payme_periodic
  . Auth.tasks.pro_minus_one
  . Auth.tasks.xsum
  . AutoApp.celery.debug_task

 
 -------------- celery@user v5.0.5 (singularity)
--- ***** ----- 
-- ******* ---- Linux-5.4.0-65-generic-x86_64-with-glibc2.29 2021-06-09 12:53:25
- *** --- * --- 
- ** ---------- [config]
- ** ---------- .> app:         AutoApp:0x7f21de4d4e50
- ** ---------- .> transport:   redis://127.0.0.1:6379//
- ** ---------- .> results:     redis://127.0.0.1:6379/
- *** --- * --- .> concurrency: 2 (prefork)
-- ******* ---- .> task events: OFF (enable -E to monitor tasks in this worker)
--- ***** ----- 
 -------------- [queues]
                .> celery           exchange=celery(direct) key=celery
                

[tasks]
  . Auth.tasks.add
  . Auth.tasks.mul
  . Auth.tasks.payme_periodic
  . Auth.tasks.pro_minus_one
  . Auth.tasks.xsum
  . AutoApp.celery.debug_task

 
 -------------- celery@user v5.0.5 (singularity)
--- ***** ----- 
-- ******* ---- Linux-5.4.0-65-generic-x86_64-with-glibc2.29 2021-06-09 12:55:04
- *** --- * --- 
- ** ---------- [config]
- ** ---------- .> app:         AutoApp:0x7f906084fe50
- ** ---------- .> transport:   redis://127.0.0.1:6379//
- ** ---------- .> results:     redis://127.0.0.1:6379/
- *** --- * --- .> concurrency: 2 (prefork)
-- ******* ---- .> task events: OFF (enable -E to monitor tasks in this worker)
--- ***** ----- 
 -------------- [queues]
                .> celery           exchange=celery(direct) key=celery
                

[tasks]
  . Auth.tasks.add
  . Auth.tasks.mul
  . Auth.tasks.payme_periodic
  . Auth.tasks.pro_minus_one
  . Auth.tasks.xsum
  . AutoApp.celery.debug_task

 
 -------------- celery@user v5.0.5 (singularity)
--- ***** ----- 
-- ******* ---- Linux-5.4.0-65-generic-x86_64-with-glibc2.29 2021-06-09 13:28:13
- *** --- * --- 
- ** ---------- [config]
- ** ---------- .> app:         AutoApp:0x7fb25edb4e50
- ** ---------- .> transport:   redis://127.0.0.1:6379//
- ** ---------- .> results:     redis://127.0.0.1:6379/
- *** --- * --- .> concurrency: 2 (prefork)
-- ******* ---- .> task events: OFF (enable -E to monitor tasks in this worker)
--- ***** ----- 
 -------------- [queues]
                .> celery           exchange=celery(direct) key=celery
                

[tasks]
  . Auth.tasks.add
  . Auth.tasks.mul
  . Auth.tasks.payme_periodic
  . Auth.tasks.pro_minus_one
  . Auth.tasks.xsum
  . AutoApp.celery.debug_task

 
 -------------- celery@user v5.0.5 (singularity)
--- ***** ----- 
-- ******* ---- Linux-5.4.0-65-generic-x86_64-with-glibc2.29 2021-06-09 13:29:33
- *** --- * --- 
- ** ---------- [config]
- ** ---------- .> app:         AutoApp:0x7f80bac82e50
- ** ---------- .> transport:   redis://127.0.0.1:6379//
- ** ---------- .> results:     redis://127.0.0.1:6379/
- *** --- * --- .> concurrency: 2 (prefork)
-- ******* ---- .> task events: OFF (enable -E to monitor tasks in this worker)
--- ***** ----- 
 -------------- [queues]
                .> celery           exchange=celery(direct) key=celery
                

[tasks]
  . Auth.tasks.add
  . Auth.tasks.mul
  . Auth.tasks.payme_periodic
  . Auth.tasks.pro_minus_one
  . Auth.tasks.xsum
  . AutoApp.celery.debug_task

 
 -------------- celery@user v5.0.5 (singularity)
--- ***** ----- 
-- ******* ---- Linux-5.4.0-65-generic-x86_64-with-glibc2.29 2021-06-09 13:36:07
- *** --- * --- 
- ** ---------- [config]
- ** ---------- .> app:         AutoApp:0x7f3b38526e50
- ** ---------- .> transport:   redis://127.0.0.1:6379//
- ** ---------- .> results:     redis://127.0.0.1:6379/
- *** --- * --- .> concurrency: 2 (prefork)
-- ******* ---- .> task events: OFF (enable -E to monitor tasks in this worker)
--- ***** ----- 
 -------------- [queues]
                .> celery           exchange=celery(direct) key=celery
                

[tasks]
  . Auth.tasks.add
  . Auth.tasks.mul
  . Auth.tasks.payme_periodic
  . Auth.tasks.pro_minus_one
  . Auth.tasks.xsum
  . AutoApp.celery.debug_task

 
 -------------- celery@user v5.0.5 (singularity)
--- ***** ----- 
-- ******* ---- Linux-5.4.0-65-generic-x86_64-with-glibc2.29 2021-06-09 13:59:37
- *** --- * --- 
- ** ---------- [config]
- ** ---------- .> app:         AutoApp:0x7fb31e682e50
- ** ---------- .> transport:   redis://127.0.0.1:6379//
- ** ---------- .> results:     redis://127.0.0.1:6379/
- *** --- * --- .> concurrency: 2 (prefork)
-- ******* ---- .> task events: OFF (enable -E to monitor tasks in this worker)
--- ***** ----- 
 -------------- [queues]
                .> celery           exchange=celery(direct) key=celery
                

[tasks]
  . Auth.tasks.add
  . Auth.tasks.mul
  . Auth.tasks.payme_periodic
  . Auth.tasks.pro_minus_one
  . Auth.tasks.xsum
  . AutoApp.celery.debug_task

 
 -------------- celery@user v5.0.5 (singularity)
--- ***** ----- 
-- ******* ---- Linux-5.4.0-65-generic-x86_64-with-glibc2.29 2021-06-10 05:07:16
- *** --- * --- 
- ** ---------- [config]
- ** ---------- .> app:         AutoApp:0x7fa1776eae50
- ** ---------- .> transport:   redis://127.0.0.1:6379//
- ** ---------- .> results:     redis://127.0.0.1:6379/
- *** --- * --- .> concurrency: 2 (prefork)
-- ******* ---- .> task events: OFF (enable -E to monitor tasks in this worker)
--- ***** ----- 
 -------------- [queues]
                .> celery           exchange=celery(direct) key=celery
                

[tasks]
  . Auth.tasks.add
  . Auth.tasks.mul
  . Auth.tasks.payme_periodic
  . Auth.tasks.pro_minus_one
  . Auth.tasks.xsum
  . AutoApp.celery.debug_task

 
 -------------- celery@user v5.0.5 (singularity)
--- ***** ----- 
-- ******* ---- Linux-5.4.0-65-generic-x86_64-with-glibc2.29 2021-06-10 05:11:34
- *** --- * --- 
- ** ---------- [config]
- ** ---------- .> app:         AutoApp:0x7ff4a419de50
- ** ---------- .> transport:   redis://127.0.0.1:6379//
- ** ---------- .> results:     redis://127.0.0.1:6379/
- *** --- * --- .> concurrency: 2 (prefork)
-- ******* ---- .> task events: OFF (enable -E to monitor tasks in this worker)
--- ***** ----- 
 -------------- [queues]
                .> celery           exchange=celery(direct) key=celery
                

[tasks]
  . Auth.tasks.add
  . Auth.tasks.mul
  . Auth.tasks.payme_periodic
  . Auth.tasks.pro_minus_one
  . Auth.tasks.xsum
  . AutoApp.celery.debug_task

 
 -------------- celery@user v5.0.5 (singularity)
--- ***** ----- 
-- ******* ---- Linux-5.4.0-65-generic-x86_64-with-glibc2.29 2021-06-10 05:12:04
- *** --- * --- 
- ** ---------- [config]
- ** ---------- .> app:         AutoApp:0x7fe0e2b90e50
- ** ---------- .> transport:   redis://127.0.0.1:6379//
- ** ---------- .> results:     redis://127.0.0.1:6379/
- *** --- * --- .> concurrency: 2 (prefork)
-- ******* ---- .> task events: OFF (enable -E to monitor tasks in this worker)
--- ***** ----- 
 -------------- [queues]
                .> celery           exchange=celery(direct) key=celery
                

[tasks]
  . Auth.tasks.add
  . Auth.tasks.mul
  . Auth.tasks.payme_periodic
  . Auth.tasks.pro_minus_one
  . Auth.tasks.xsum
  . AutoApp.celery.debug_task

 
 -------------- celery@user v5.0.5 (singularity)
--- ***** ----- 
-- ******* ---- Linux-5.4.0-65-generic-x86_64-with-glibc2.29 2021-06-10 06:10:44
- *** --- * --- 
- ** ---------- [config]
- ** ---------- .> app:         AutoApp:0x7fd84e6ede50
- ** ---------- .> transport:   redis://127.0.0.1:6379//
- ** ---------- .> results:     redis://127.0.0.1:6379/
- *** --- * --- .> concurrency: 2 (prefork)
-- ******* ---- .> task events: OFF (enable -E to monitor tasks in this worker)
--- ***** ----- 
 -------------- [queues]
                .> celery           exchange=celery(direct) key=celery
                

[tasks]
  . Auth.tasks.add
  . Auth.tasks.mul
  . Auth.tasks.payme_periodic
  . Auth.tasks.pro_minus_one
  . Auth.tasks.xsum
  . AutoApp.celery.debug_task

 
 -------------- celery@user v5.0.5 (singularity)
--- ***** ----- 
-- ******* ---- Linux-5.4.0-65-generic-x86_64-with-glibc2.29 2021-06-10 09:33:48
- *** --- * --- 
- ** ---------- [config]
- ** ---------- .> app:         AutoApp:0x7f1ea39cae50
- ** ---------- .> transport:   redis://127.0.0.1:6379//
- ** ---------- .> results:     redis://127.0.0.1:6379/
- *** --- * --- .> concurrency: 2 (prefork)
-- ******* ---- .> task events: OFF (enable -E to monitor tasks in this worker)
--- ***** ----- 
 -------------- [queues]
                .> celery           exchange=celery(direct) key=celery
                

[tasks]
  . Auth.tasks.add
  . Auth.tasks.mul
  . Auth.tasks.payme_periodic
  . Auth.tasks.pro_minus_one
  . Auth.tasks.xsum
  . AutoApp.celery.debug_task

 
 -------------- celery@user v5.0.5 (singularity)
--- ***** ----- 
-- ******* ---- Linux-5.4.0-65-generic-x86_64-with-glibc2.29 2021-06-10 09:57:44
- *** --- * --- 
- ** ---------- [config]
- ** ---------- .> app:         AutoApp:0x7f46f0bb5e50
- ** ---------- .> transport:   redis://127.0.0.1:6379//
- ** ---------- .> results:     redis://127.0.0.1:6379/
- *** --- * --- .> concurrency: 2 (prefork)
-- ******* ---- .> task events: OFF (enable -E to monitor tasks in this worker)
--- ***** ----- 
 -------------- [queues]
                .> celery           exchange=celery(direct) key=celery
                

[tasks]
  . Auth.tasks.add
  . Auth.tasks.mul
  . Auth.tasks.payme_periodic
  . Auth.tasks.pro_minus_one
  . Auth.tasks.xsum
  . AutoApp.celery.debug_task

 
 -------------- celery@user v5.0.5 (singularity)
--- ***** ----- 
-- ******* ---- Linux-5.4.0-65-generic-x86_64-with-glibc2.29 2021-06-10 10:31:13
- *** --- * --- 
- ** ---------- [config]
- ** ---------- .> app:         AutoApp:0x7f7e04a72e50
- ** ---------- .> transport:   redis://127.0.0.1:6379//
- ** ---------- .> results:     redis://127.0.0.1:6379/
- *** --- * --- .> concurrency: 2 (prefork)
-- ******* ---- .> task events: OFF (enable -E to monitor tasks in this worker)
--- ***** ----- 
 -------------- [queues]
                .> celery           exchange=celery(direct) key=celery
                

[tasks]
  . Auth.tasks.add
  . Auth.tasks.mul
  . Auth.tasks.payme_periodic
  . Auth.tasks.pro_minus_one
  . Auth.tasks.xsum
  . AutoApp.celery.debug_task

 
 -------------- celery@user v5.0.5 (singularity)
--- ***** ----- 
-- ******* ---- Linux-5.4.0-65-generic-x86_64-with-glibc2.29 2021-06-10 10:33:20
- *** --- * --- 
- ** ---------- [config]
- ** ---------- .> app:         AutoApp:0x7fde69959e50
- ** ---------- .> transport:   redis://127.0.0.1:6379//
- ** ---------- .> results:     redis://127.0.0.1:6379/
- *** --- * --- .> concurrency: 2 (prefork)
-- ******* ---- .> task events: OFF (enable -E to monitor tasks in this worker)
--- ***** ----- 
 -------------- [queues]
                .> celery           exchange=celery(direct) key=celery
                

[tasks]
  . Auth.tasks.add
  . Auth.tasks.mul
  . Auth.tasks.payme_periodic
  . Auth.tasks.pro_minus_one
  . Auth.tasks.xsum
  . AutoApp.celery.debug_task

 
 -------------- celery@user v5.0.5 (singularity)
--- ***** ----- 
-- ******* ---- Linux-5.4.0-65-generic-x86_64-with-glibc2.29 2021-06-10 11:01:13
- *** --- * --- 
- ** ---------- [config]
- ** ---------- .> app:         AutoApp:0x7fa2649e3e50
- ** ---------- .> transport:   redis://127.0.0.1:6379//
- ** ---------- .> results:     redis://127.0.0.1:6379/
- *** --- * --- .> concurrency: 2 (prefork)
-- ******* ---- .> task events: OFF (enable -E to monitor tasks in this worker)
--- ***** ----- 
 -------------- [queues]
                .> celery           exchange=celery(direct) key=celery
                

[tasks]
  . Auth.tasks.add
  . Auth.tasks.mul
  . Auth.tasks.payme_periodic
  . Auth.tasks.pro_minus_one
  . Auth.tasks.xsum
  . AutoApp.celery.debug_task

 
 -------------- celery@user v5.0.5 (singularity)
--- ***** ----- 
-- ******* ---- Linux-5.4.0-65-generic-x86_64-with-glibc2.29 2021-06-10 11:26:39
- *** --- * --- 
- ** ---------- [config]
- ** ---------- .> app:         AutoApp:0x7f0f6be36e50
- ** ---------- .> transport:   redis://127.0.0.1:6379//
- ** ---------- .> results:     redis://127.0.0.1:6379/
- *** --- * --- .> concurrency: 2 (prefork)
-- ******* ---- .> task events: OFF (enable -E to monitor tasks in this worker)
--- ***** ----- 
 -------------- [queues]
                .> celery           exchange=celery(direct) key=celery
                

[tasks]
  . Auth.tasks.add
  . Auth.tasks.mul
  . Auth.tasks.payme_periodic
  . Auth.tasks.pro_minus_one
  . Auth.tasks.xsum
  . AutoApp.celery.debug_task

